21:00:52.734 [main] INFO  testCases.TC003_loginDDT - ******Starting TC003_loginDDT********
21:01:03.439 [main] INFO  testCases.TC003_loginDDT - *********Finished TC003_loginDDT********
21:01:03.442 [main] INFO  testCases.TC003_loginDDT - ******Starting TC003_loginDDT********
21:01:05.245 [main] INFO  testCases.TC003_loginDDT - *********Finished TC003_loginDDT********
21:02:57.103 [main] INFO  org.testng.internal.Utils - [TestNG] Running:
  C:\Users\admin\eclipse-workspace\OpenCart11\master.xml

21:03:07.261 [main] INFO  testCases.TC003_loginDDT - ******Starting TC003_loginDDT********
21:03:09.212 [main] INFO  testCases.TC003_loginDDT - *********Finished TC003_loginDDT********
21:03:09.273 [main] INFO  testCases.TC003_loginDDT - ******Starting TC003_loginDDT********
21:03:11.024 [main] INFO  testCases.TC003_loginDDT - ******Starting TC003_loginDDT********
21:03:22.346 [main] INFO  testCases.TC003_loginDDT - *********Finished TC003_loginDDT********
21:03:22.351 [main] INFO  testCases.TC003_loginDDT - ******Starting TC003_loginDDT********
21:03:24.082 [main] INFO  testCases.TC003_loginDDT - *********Finished TC003_loginDDT********
15:46:57.496 [main] INFO  org.testng.internal.Utils - [TestNG] Running:
  C:\Users\admin\eclipse-workspace\OpenCart11\grouping.xml

15:47:20.959 [main] INFO  org.testng.internal.Utils - [TestNG] Running:
  C:\Users\admin\eclipse-workspace\OpenCart11\grouping.xml

15:48:29.565 [main] INFO  org.testng.internal.Utils - [TestNG] Running:
  C:\Users\admin\eclipse-workspace\OpenCart11\grouping.xml

15:48:58.984 [main] INFO  org.testng.internal.Utils - [TestNG] Running:
  C:\Users\admin\eclipse-workspace\OpenCart11\grouping.xml

15:49:19.358 [main] INFO  org.testng.internal.Utils - [TestNG] Running:
  C:\Users\admin\eclipse-workspace\OpenCart11\grouping.xml

15:49:56.541 [main] INFO  org.testng.internal.Utils - [TestNG] Running:
  C:\Users\admin\eclipse-workspace\OpenCart11\grouping.xml

15:50:19.652 [main] INFO  org.testng.internal.Utils - [Utils] MethodGroupsHelper.collectMethodsByGroup() took 0 ms.
15:50:19.658 [main] INFO  org.testng.internal.Utils - [Utils] MethodGroupsHelper.sortMethods() took 1 ms.
15:50:19.659 [main] INFO  org.testng.internal.Utils - [Utils] MethodGroupsHelper.collectMethodsByGroup() took 0 ms.
15:50:19.660 [main] INFO  org.testng.internal.Utils - [Utils] MethodGroupsHelper.sortMethods() took 0 ms.
15:50:19.660 [main] INFO  org.testng.internal.Utils - [Utils] MethodGroupsHelper.collectMethodsByGroup() took 0 ms.
15:50:19.660 [main] INFO  org.testng.internal.Utils - [Utils] MethodGroupsHelper.sortMethods() took 0 ms.
15:50:19.661 [main] INFO  org.testng.internal.Utils - [Utils] MethodGroupsHelper.collectMethodsByGroup() took 0 ms.
15:50:19.661 [main] INFO  org.testng.internal.Utils - [Utils] MethodGroupsHelper.sortMethods() took 0 ms.
15:50:19.667 [main] INFO  org.testng.internal.Utils - [Utils] MethodGroupsHelper.collectMethodsByGroup() took 4 ms.
15:50:19.677 [main] INFO  org.testng.internal.Utils - [Utils] MethodGroupsHelper.sortMethods() took 10 ms.
15:50:19.678 [main] INFO  org.testng.internal.Utils - [Utils] MethodGroupsHelper.collectMethodsByGroup() took 0 ms.
15:50:19.679 [main] INFO  org.testng.internal.Utils - [Utils] MethodGroupsHelper.sortMethods() took 1 ms.
15:50:19.680 [main] INFO  org.testng.internal.Utils - [Utils] MethodGroupsHelper.collectMethodsByGroup() took 0 ms.
15:50:19.680 [main] INFO  org.testng.internal.Utils - [Utils] MethodGroupsHelper.sortMethods() took 0 ms.
15:50:19.680 [main] INFO  org.testng.internal.Utils - [Utils] MethodGroupsHelper.collectMethodsByGroup() took 0 ms.
15:50:19.680 [main] INFO  org.testng.internal.Utils - [Utils] MethodGroupsHelper.sortMethods() took 0 ms.
15:50:19.682 [main] INFO  org.testng.internal.Utils - [Utils] MethodGroupsHelper.collectMethodsByGroup() took 0 ms.
15:50:19.682 [main] INFO  org.testng.internal.Utils - [Utils] MethodGroupsHelper.sortMethods() took 0 ms.
15:50:19.682 [main] INFO  org.testng.internal.Utils - [Utils] MethodGroupsHelper.collectMethodsByGroup() took 0 ms.
15:50:19.684 [main] INFO  org.testng.internal.Utils - [Utils] MethodGroupsHelper.sortMethods() took 0 ms.
15:50:19.687 [main] INFO  org.testng.internal.Utils - [Utils] MethodGroupsHelper.collectMethodsByGroup() took 0 ms.
15:50:19.687 [main] INFO  org.testng.internal.Utils - [Utils] MethodGroupsHelper.sortMethods() took 0 ms.
15:50:19.687 [main] INFO  org.testng.internal.Utils - [Utils] MethodGroupsHelper.collectMethodsByGroup() took 0 ms.
15:50:19.687 [main] INFO  org.testng.internal.Utils - [Utils] MethodGroupsHelper.sortMethods() took 0 ms.
15:50:19.688 [main] INFO  org.testng.internal.Utils - [Utils] MethodGroupsHelper.collectMethodsByGroup() took 0 ms.
15:50:19.689 [main] INFO  org.testng.internal.Utils - [Utils] MethodGroupsHelper.sortMethods() took 1 ms.
15:50:19.690 [main] INFO  org.testng.internal.Utils - [Utils] MethodGroupsHelper.collectMethodsByGroup() took 0 ms.
15:50:19.690 [main] INFO  org.testng.internal.Utils - [Utils] MethodGroupsHelper.sortMethods() took 0 ms.
